<?xml version="1.0" encoding="UTF-8"?>
<testng-results skipped="0" failed="1" ignored="0" total="3" passed="2">
  <reporter-output>
  </reporter-output>
  <suite name="Default suite" duration-ms="28783" started-at="2020-07-21T15:14:56Z" finished-at="2020-07-21T15:15:25Z">
    <groups>
    </groups>
    <test name="Default test" duration-ms="28783" started-at="2020-07-21T15:14:56Z" finished-at="2020-07-21T15:15:25Z">
      <class name="com.mma.testcases.MatterTest">
        <test-method status="PASS" signature="setUp()[pri:0, instance:com.mma.testcases.MatterTest@1b604f19]" name="setUp" is-config="true" duration-ms="13506" started-at="2020-07-21T20:44:43Z" finished-at="2020-07-21T20:44:56Z">
          <reporter-output>
          </reporter-output>
        </test-method> <!-- setUp -->
        <test-method status="PASS" signature="loginIain(java.lang.String, java.lang.String)[pri:0, instance:com.mma.testcases.MatterTest@1b604f19]" name="loginIain" duration-ms="7606" started-at="2020-07-21T20:44:58Z" data-provider="getlogindata" finished-at="2020-07-21T20:45:05Z">
          <params>
            <param index="0">
              <value>
                <![CDATA[kishan.puthran]]>
              </value>
            </param>
            <param index="1">
              <value>
                <![CDATA[P@ss1234]]>
              </value>
            </param>
          </params>
          <reporter-output>
          </reporter-output>
        </test-method> <!-- loginIain -->
        <test-method status="FAIL" signature="mattertest(java.lang.String, java.lang.String, java.lang.String, java.lang.String, java.lang.String, java.lang.String)[pri:0, instance:com.mma.testcases.MatterTest@1b604f19]" name="mattertest" duration-ms="397" started-at="2020-07-21T20:45:06Z" data-provider="getMatterData" finished-at="2020-07-21T20:45:06Z">
          <params>
            <param index="0">
              <value>
                <![CDATA[AA]]>
              </value>
            </param>
            <param index="1">
              <value>
                <![CDATA[EUR]]>
              </value>
            </param>
            <param index="2">
              <value>
                <![CDATA[Kishan Puthran]]>
              </value>
            </param>
            <param index="3">
              <value>
                <![CDATA[Natalia]]>
              </value>
            </param>
            <param index="4">
              <value>
                <![CDATA[D.P. Singh (DPS)]]>
              </value>
            </param>
            <param index="5">
              <value>
                <![CDATA[Hourly]]>
              </value>
            </param>
          </params>
          <exception class="org.openqa.selenium.ElementNotInteractableException">
            <message>
              <![CDATA[Element <a class="nav-link" href="/Matter/Matter"> could not be scrolled into view
Build info: version: '3.14.0', revision: 'aacccce0', time: '2018-08-02T20:19:58.91Z'
System info: host: 'LAPTOP-RINJJ0C1', ip: '192.168.1.185', os.name: 'Windows 10', os.arch: 'amd64', os.version: '10.0', java.version: '1.8.0_211'
Driver info: org.openqa.selenium.firefox.FirefoxDriver
Capabilities {acceptInsecureCerts: true, browserName: firefox, browserVersion: 77.0.1, javascriptEnabled: true, moz:accessibilityChecks: false, moz:buildID: 20200602222727, moz:geckodriverVersion: 0.26.0, moz:headless: false, moz:processID: 9860, moz:profile: C:\Users\Shetty\AppData\Loc..., moz:shutdownTimeout: 60000, moz:useNonSpecCompliantPointerOrigin: false, moz:webdriverClick: true, pageLoadStrategy: normal, platform: WINDOWS, platformName: WINDOWS, platformVersion: 10.0, rotatable: false, setWindowRect: true, strictFileInteractability: false, timeouts: {implicit: 0, pageLoad: 300000, script: 30000}, unhandledPromptBehavior: dismiss and notify}
Session ID: 235a2432-7b1e-4a00-9e93-e9c290021721]]>
            </message>
            <full-stacktrace>
              <![CDATA[org.openqa.selenium.ElementNotInteractableException: Element <a class="nav-link" href="/Matter/Matter"> could not be scrolled into view
Build info: version: '3.14.0', revision: 'aacccce0', time: '2018-08-02T20:19:58.91Z'
System info: host: 'LAPTOP-RINJJ0C1', ip: '192.168.1.185', os.name: 'Windows 10', os.arch: 'amd64', os.version: '10.0', java.version: '1.8.0_211'
Driver info: org.openqa.selenium.firefox.FirefoxDriver
Capabilities {acceptInsecureCerts: true, browserName: firefox, browserVersion: 77.0.1, javascriptEnabled: true, moz:accessibilityChecks: false, moz:buildID: 20200602222727, moz:geckodriverVersion: 0.26.0, moz:headless: false, moz:processID: 9860, moz:profile: C:\Users\Shetty\AppData\Loc..., moz:shutdownTimeout: 60000, moz:useNonSpecCompliantPointerOrigin: false, moz:webdriverClick: true, pageLoadStrategy: normal, platform: WINDOWS, platformName: WINDOWS, platformVersion: 10.0, rotatable: false, setWindowRect: true, strictFileInteractability: false, timeouts: {implicit: 0, pageLoad: 300000, script: 30000}, unhandledPromptBehavior: dismiss and notify}
Session ID: 235a2432-7b1e-4a00-9e93-e9c290021721
	at sun.reflect.NativeConstructorAccessorImpl.newInstance0(Native Method)
	at sun.reflect.NativeConstructorAccessorImpl.newInstance(Unknown Source)
	at sun.reflect.DelegatingConstructorAccessorImpl.newInstance(Unknown Source)
	at java.lang.reflect.Constructor.newInstance(Unknown Source)
	at org.openqa.selenium.remote.http.W3CHttpResponseCodec.createException(W3CHttpResponseCodec.java:187)
	at org.openqa.selenium.remote.http.W3CHttpResponseCodec.decode(W3CHttpResponseCodec.java:122)
	at org.openqa.selenium.remote.http.W3CHttpResponseCodec.decode(W3CHttpResponseCodec.java:49)
	at org.openqa.selenium.remote.HttpCommandExecutor.execute(HttpCommandExecutor.java:158)
	at org.openqa.selenium.remote.service.DriverCommandExecutor.execute(DriverCommandExecutor.java:83)
	at org.openqa.selenium.remote.RemoteWebDriver.execute(RemoteWebDriver.java:548)
	at org.openqa.selenium.remote.RemoteWebElement.execute(RemoteWebElement.java:276)
	at org.openqa.selenium.remote.RemoteWebElement.click(RemoteWebElement.java:83)
	at sun.reflect.NativeMethodAccessorImpl.invoke0(Native Method)
	at sun.reflect.NativeMethodAccessorImpl.invoke(Unknown Source)
	at sun.reflect.DelegatingMethodAccessorImpl.invoke(Unknown Source)
	at java.lang.reflect.Method.invoke(Unknown Source)
	at org.openqa.selenium.support.pagefactory.internal.LocatingElementHandler.invoke(LocatingElementHandler.java:51)
	at com.sun.proxy.$Proxy10.click(Unknown Source)
	at com.mma.pages.MatterPage.creatematter(MatterPage.java:49)
	at com.mma.testcases.MatterTest.mattertest(MatterTest.java:24)
	at sun.reflect.NativeMethodAccessorImpl.invoke0(Native Method)
	at sun.reflect.NativeMethodAccessorImpl.invoke(Unknown Source)
	at sun.reflect.DelegatingMethodAccessorImpl.invoke(Unknown Source)
	at java.lang.reflect.Method.invoke(Unknown Source)
	at org.testng.internal.MethodInvocationHelper.invokeMethod(MethodInvocationHelper.java:104)
	at org.testng.internal.Invoker.invokeMethod(Invoker.java:645)
	at org.testng.internal.Invoker.invokeTestMethod(Invoker.java:851)
	at org.testng.internal.Invoker.invokeTestMethods(Invoker.java:1177)
	at org.testng.internal.TestMethodWorker.invokeTestMethods(TestMethodWorker.java:129)
	at org.testng.internal.TestMethodWorker.run(TestMethodWorker.java:112)
	at org.testng.TestRunner.privateRun(TestRunner.java:756)
	at org.testng.TestRunner.run(TestRunner.java:610)
	at org.testng.SuiteRunner.runTest(SuiteRunner.java:387)
	at org.testng.SuiteRunner.runSequentially(SuiteRunner.java:382)
	at org.testng.SuiteRunner.privateRun(SuiteRunner.java:340)
	at org.testng.SuiteRunner.run(SuiteRunner.java:289)
	at org.testng.SuiteRunnerWorker.runSuite(SuiteRunnerWorker.java:52)
	at org.testng.SuiteRunnerWorker.run(SuiteRunnerWorker.java:86)
	at org.testng.TestNG.runSuitesSequentially(TestNG.java:1293)
	at org.testng.TestNG.runSuitesLocally(TestNG.java:1218)
	at org.testng.TestNG.runSuites(TestNG.java:1133)
	at org.testng.TestNG.run(TestNG.java:1104)
	at org.testng.remote.AbstractRemoteTestNG.run(AbstractRemoteTestNG.java:132)
	at org.testng.remote.RemoteTestNG.initAndRun(RemoteTestNG.java:236)
	at org.testng.remote.RemoteTestNG.main(RemoteTestNG.java:81)
]]>
            </full-stacktrace>
          </exception> <!-- org.openqa.selenium.ElementNotInteractableException -->
          <reporter-output>
          </reporter-output>
        </test-method> <!-- mattertest -->
        <test-method status="PASS" signature="mattertest(java.lang.String, java.lang.String, java.lang.String, java.lang.String, java.lang.String, java.lang.String)[pri:0, instance:com.mma.testcases.MatterTest@1b604f19]" name="mattertest" duration-ms="19315" started-at="2020-07-21T20:45:06Z" data-provider="getMatterData" finished-at="2020-07-21T20:45:25Z">
          <params>
            <param index="0">
              <value>
                <![CDATA[AA]]>
              </value>
            </param>
            <param index="1">
              <value>
                <![CDATA[INR]]>
              </value>
            </param>
            <param index="2">
              <value>
                <![CDATA[Alka Bharucha]]>
              </value>
            </param>
            <param index="3">
              <value>
                <![CDATA[Ketan Virani]]>
              </value>
            </param>
            <param index="4">
              <value>
                <![CDATA[D.P. Singh (DPS)]]>
              </value>
            </param>
            <param index="5">
              <value>
                <![CDATA[Hourly]]>
              </value>
            </param>
          </params>
          <reporter-output>
          </reporter-output>
        </test-method> <!-- mattertest -->
        <test-method status="PASS" signature="tearDown()[pri:0, instance:com.mma.testcases.MatterTest@1b604f19]" name="tearDown" is-config="true" duration-ms="5654" started-at="2020-07-21T20:45:25Z" finished-at="2020-07-21T20:45:31Z">
          <reporter-output>
          </reporter-output>
        </test-method> <!-- tearDown -->
      </class> <!-- com.mma.testcases.MatterTest -->
    </test> <!-- Default test -->
  </suite> <!-- Default suite -->
</testng-results>
